2026-01-16 11:34:08,959|bot.state_chief|INFO|StateChief inicializado. Estado: INITIALIZING
2026-01-16 11:34:08,960|bot.state_chief|INFO|[Estado: initializing]
2026-01-16 11:34:14,694|bot.state_chief|INFO|Nenhuma posição aberta. Indo para ANALYZING.
2026-01-16 11:34:14,695|bot.state_chief|INFO|[Estado: analyzing]
2026-01-16 11:34:14,695|bot.state_chief|INFO|Analisando SOLUSDT (1m)...
2026-01-16 11:34:14,695|bot.state_chief|ERROR|Erro durante análise: 'StateChief' object has no attribute '_dataset_manager'
Traceback (most recent call last):
  File "/home/ics/Projetos_Python/crypto-bot/src/core/state_chief.py", line 138, in _handle_analyzing
    df = self._dataset_manager.update()
         ^^^^^^^^^^^^^^^^^^^^^
AttributeError: 'StateChief' object has no attribute '_dataset_manager'
2026-01-16 11:34:14,697|bot.state_chief|INFO|[Estado: error]
2026-01-16 11:34:14,697|bot.state_chief|WARNING|Estado ERROR. Tentativa 1/3
2026-01-16 11:34:34,698|bot.state_chief|INFO|Tentando reinicialização...
2026-01-16 11:34:34,699|bot.state_chief|INFO|[Estado: initializing]
2026-01-16 11:34:40,090|bot.state_chief|INFO|Nenhuma posição aberta. Indo para ANALYZING.
2026-01-16 11:34:40,090|bot.state_chief|INFO|[Estado: analyzing]
2026-01-16 11:34:40,091|bot.state_chief|INFO|Analisando SOLUSDT (1m)...
2026-01-16 11:34:40,091|bot.state_chief|ERROR|Erro durante análise: 'StateChief' object has no attribute '_dataset_manager'
Traceback (most recent call last):
  File "/home/ics/Projetos_Python/crypto-bot/src/core/state_chief.py", line 138, in _handle_analyzing
    df = self._dataset_manager.update()
         ^^^^^^^^^^^^^^^^^^^^^
AttributeError: 'StateChief' object has no attribute '_dataset_manager'
2026-01-16 11:34:40,092|bot.state_chief|INFO|[Estado: error]
2026-01-16 11:34:40,093|bot.state_chief|WARNING|Estado ERROR. Tentativa 1/3
2026-01-16 18:01:23,737|bot.state_chief|INFO|StateChief inicializado. Estado: INITIALIZING
2026-01-16 18:01:23,738|bot.state_chief|INFO|[Estado: initializing]
2026-01-16 18:01:23,738|bot.state_chief|INFO|Horário fora da janela operacional.
2026-01-16 18:01:31,289|bot.state_chief|INFO|Nenhuma posição aberta. Indo para ANALYZING.
2026-01-16 18:01:31,289|bot.state_chief|INFO|[Estado: analyzing]
2026-01-16 18:01:31,290|bot.state_chief|INFO|Analisando SOLUSDT (1m)...
2026-01-16 18:01:31,290|bot.state_chief|ERROR|Erro durante análise: 'StateChief' object has no attribute '_dataset_manager'
Traceback (most recent call last):
  File "/home/ics/Projetos_Python/crypto-bot/src/core/state_chief.py", line 138, in _handle_analyzing
    df = self._dataset_manager.update()
         ^^^^^^^^^^^^^^^^^^^^^
AttributeError: 'StateChief' object has no attribute '_dataset_manager'
2026-01-16 18:01:31,291|bot.state_chief|INFO|[Estado: error]
2026-01-16 18:01:31,292|bot.state_chief|WARNING|Estado ERROR. Tentativa 1/3
2026-01-16 18:01:51,292|bot.state_chief|INFO|Tentando reinicialização...
2026-01-16 18:01:51,293|bot.state_chief|INFO|[Estado: initializing]
2026-01-16 18:01:51,294|bot.state_chief|INFO|Horário fora da janela operacional.
2026-01-16 18:01:59,071|bot.state_chief|INFO|Nenhuma posição aberta. Indo para ANALYZING.
2026-01-16 18:01:59,071|bot.state_chief|INFO|[Estado: analyzing]
2026-01-16 18:01:59,072|bot.state_chief|INFO|Analisando SOLUSDT (1m)...
2026-01-16 18:01:59,072|bot.state_chief|ERROR|Erro durante análise: 'StateChief' object has no attribute '_dataset_manager'
Traceback (most recent call last):
  File "/home/ics/Projetos_Python/crypto-bot/src/core/state_chief.py", line 138, in _handle_analyzing
    df = self._dataset_manager.update()
         ^^^^^^^^^^^^^^^^^^^^^
AttributeError: 'StateChief' object has no attribute '_dataset_manager'
2026-01-16 18:01:59,073|bot.state_chief|INFO|[Estado: error]
2026-01-16 18:01:59,073|bot.state_chief|WARNING|Estado ERROR. Tentativa 1/3
2026-01-16 18:02:19,074|bot.state_chief|INFO|Tentando reinicialização...
2026-01-16 18:02:19,075|bot.state_chief|INFO|[Estado: initializing]
2026-01-16 18:02:19,076|bot.state_chief|INFO|Horário fora da janela operacional.
2026-01-16 18:02:26,841|bot.state_chief|INFO|Nenhuma posição aberta. Indo para ANALYZING.
2026-01-16 18:02:26,842|bot.state_chief|INFO|[Estado: analyzing]
2026-01-16 18:02:26,843|bot.state_chief|INFO|Analisando SOLUSDT (1m)...
2026-01-16 18:02:26,843|bot.state_chief|ERROR|Erro durante análise: 'StateChief' object has no attribute '_dataset_manager'
Traceback (most recent call last):
  File "/home/ics/Projetos_Python/crypto-bot/src/core/state_chief.py", line 138, in _handle_analyzing
    df = self._dataset_manager.update()
         ^^^^^^^^^^^^^^^^^^^^^
AttributeError: 'StateChief' object has no attribute '_dataset_manager'
2026-01-16 18:02:26,844|bot.state_chief|INFO|[Estado: error]
2026-01-16 18:02:26,845|bot.state_chief|WARNING|Estado ERROR. Tentativa 1/3
2026-01-16 18:02:46,846|bot.state_chief|INFO|Tentando reinicialização...
2026-01-16 18:02:46,847|bot.state_chief|INFO|[Estado: initializing]
2026-01-16 18:02:46,847|bot.state_chief|INFO|Horário fora da janela operacional.
2026-01-16 18:02:54,601|bot.state_chief|INFO|Nenhuma posição aberta. Indo para ANALYZING.
2026-01-16 18:02:54,601|bot.state_chief|INFO|[Estado: analyzing]
2026-01-16 18:02:54,602|bot.state_chief|INFO|Analisando SOLUSDT (1m)...
2026-01-16 18:02:54,602|bot.state_chief|ERROR|Erro durante análise: 'StateChief' object has no attribute '_dataset_manager'
Traceback (most recent call last):
  File "/home/ics/Projetos_Python/crypto-bot/src/core/state_chief.py", line 138, in _handle_analyzing
    df = self._dataset_manager.update()
         ^^^^^^^^^^^^^^^^^^^^^
AttributeError: 'StateChief' object has no attribute '_dataset_manager'
2026-01-16 18:02:54,603|bot.state_chief|INFO|[Estado: error]
2026-01-16 18:02:54,603|bot.state_chief|WARNING|Estado ERROR. Tentativa 1/3
2026-01-16 18:03:14,604|bot.state_chief|INFO|Tentando reinicialização...
2026-01-16 18:03:14,604|bot.state_chief|INFO|[Estado: initializing]
2026-01-16 18:03:14,605|bot.state_chief|INFO|Horário fora da janela operacional.
2026-01-16 18:03:23,544|bot.state_chief|INFO|Nenhuma posição aberta. Indo para ANALYZING.
2026-01-16 18:03:23,544|bot.state_chief|INFO|[Estado: analyzing]
2026-01-16 18:03:23,545|bot.state_chief|INFO|Analisando SOLUSDT (1m)...
2026-01-16 18:03:23,545|bot.state_chief|ERROR|Erro durante análise: 'StateChief' object has no attribute '_dataset_manager'
Traceback (most recent call last):
  File "/home/ics/Projetos_Python/crypto-bot/src/core/state_chief.py", line 138, in _handle_analyzing
    df = self._dataset_manager.update()
         ^^^^^^^^^^^^^^^^^^^^^
AttributeError: 'StateChief' object has no attribute '_dataset_manager'
2026-01-16 18:03:23,546|bot.state_chief|INFO|[Estado: error]
2026-01-16 18:03:23,546|bot.state_chief|WARNING|Estado ERROR. Tentativa 1/3
2026-01-16 18:03:29,160|bot.state_chief|INFO|Bot interrompido manualmente. Encerrando...
2026-01-16 18:04:50,750|bot.state_chief|INFO|StateChief inicializado. Estado: INITIALIZING
2026-01-16 18:04:50,751|bot.state_chief|INFO|[Estado: initializing]
2026-01-16 18:04:50,751|bot.state_chief|INFO|Horário fora da janela operacional.
2026-01-16 18:04:50,751|bot.state_chief|INFO|[Estado: standby]
2026-01-16 18:04:50,752|bot.state_chief|INFO|Estado IDLE — aguardando próxima janela operacional...
2026-01-16 18:06:24,437|bot.state_chief|INFO|Bot interrompido manualmente. Encerrando...
2026-01-16 19:11:13,096|bot.state_chief|INFO|StateChief inicializado. Estado: INITIALIZING
2026-01-16 19:11:13,096|bot.state_chief|INFO|[Estado: initializing]
2026-01-16 19:11:13,096|bot.state_chief|INFO|[Estado: standby]
2026-01-16 19:11:13,097|bot.state_chief|INFO|Horário fora da janela operacional.
2026-01-16 19:11:27,793|bot.state_chief|INFO|Bot interrompido manualmente. Encerrando...
2026-01-16 19:14:46,124|bot.state_chief|INFO|StateChief inicializado. Estado: INITIALIZING
2026-01-16 19:14:46,124|bot.state_chief|INFO|[Estado: initializing]
2026-01-16 19:14:46,125|bot.state_chief|INFO|[Estado: standby]
2026-01-16 19:14:46,125|bot.state_chief|INFO|Horário fora da janela operacional.
2026-01-16 19:14:46,125|bot.state_chief|INFO|Próxima janela em: 50h 45m 13s
2026-01-16 19:15:46,126|bot.state_chief|INFO|Próxima janela em: 50h 44m 13s
2026-01-16 19:15:51,805|bot.state_chief|INFO|Bot interrompido manualmente. Encerrando...
2026-01-16 19:22:23,931|bot.state_chief|INFO|StateChief inicializado. Estado: INITIALIZING
2026-01-16 19:22:23,931|bot.state_chief|INFO|[Estado: initializing]
2026-01-16 19:22:23,932|bot.state_chief|INFO|[Estado: standby]
2026-01-16 19:22:23,932|bot.state_chief|INFO|Horário fora da janela operacional.
2026-01-16 19:22:23,932|bot.state_chief|INFO|Próxima janela em: 50h 37m 36s
